unity/MertKan/200101117MertKan/Library/Bee/Android/Prj/Mono2x/Gradle/unityLibrary/build/intermediates/manifest_merge_blame_file/release/manifest-merger-blame-release-report.txt
1<?xml version="1.0" encoding="utf-8"?>
2<manifest xmlns:android="http://schemas.android.com/apk/res/android"
3    xmlns:tools="http://schemas.android.com/tools"
4    package="com.unity3d.player" >
5
6    <uses-sdk
7        android:minSdkVersion="22"
7-->src\main\AndroidManifest.xml
8        android:targetSdkVersion="34" />
8-->src\main\AndroidManifest.xml
9
10    <uses-permission android:name="android.permission.INTERNET" />
10-->src\main\AndroidManifest.xml:3:3-65
10-->src\main\AndroidManifest.xml:3:20-62
11
12    <uses-feature android:glEsVersion="0x00030000" />
12-->src\main\AndroidManifest.xml:4:3-52
12-->src\main\AndroidManifest.xml:4:17-49
13    <uses-feature
13-->src\main\AndroidManifest.xml:5:3-91
14        android:name="android.hardware.vulkan.version"
14-->src\main\AndroidManifest.xml:5:17-63
15        android:required="false" />
15-->src\main\AndroidManifest.xml:5:64-88
16    <uses-feature
16-->src\main\AndroidManifest.xml:6:3-88
17        android:name="android.hardware.touchscreen"
17-->src\main\AndroidManifest.xml:6:17-60
18        android:required="false" />
18-->src\main\AndroidManifest.xml:6:61-85
19    <uses-feature
19-->src\main\AndroidManifest.xml:7:3-99
20        android:name="android.hardware.touchscreen.multitouch"
20-->src\main\AndroidManifest.xml:7:17-71
21        android:required="false" />
21-->src\main\AndroidManifest.xml:7:72-96
22    <uses-feature
22-->src\main\AndroidManifest.xml:8:3-108
23        android:name="android.hardware.touchscreen.multitouch.distinct"
23-->src\main\AndroidManifest.xml:8:17-80
24        android:required="false" />
24-->src\main\AndroidManifest.xml:8:81-105
25
26    <uses-permission android:name="android.permission.CHANGE_WIFI_MULTICAST_STATE" />
26-->src\main\AndroidManifest.xml:24:3-84
26-->src\main\AndroidManifest.xml:24:20-81
27
28    <application android:extractNativeLibs="true" >
28-->src\main\AndroidManifest.xml:9:3-23:17
28-->src\main\AndroidManifest.xml:9:16-48
29        <meta-data
29-->src\main\AndroidManifest.xml:10:5-69
30            android:name="unity.splash-mode"
30-->src\main\AndroidManifest.xml:10:16-48
31            android:value="0" />
31-->src\main\AndroidManifest.xml:10:49-66
32        <meta-data
32-->src\main\AndroidManifest.xml:11:5-74
33            android:name="unity.splash-enable"
33-->src\main\AndroidManifest.xml:11:16-50
34            android:value="True" />
34-->src\main\AndroidManifest.xml:11:51-71
35        <meta-data
35-->src\main\AndroidManifest.xml:12:5-78
36            android:name="unity.launch-fullscreen"
36-->src\main\AndroidManifest.xml:12:16-54
37            android:value="True" />
37-->src\main\AndroidManifest.xml:12:55-75
38        <meta-data
38-->src\main\AndroidManifest.xml:13:5-81
39            android:name="notch.config"
39-->src\main\AndroidManifest.xml:13:16-43
40            android:value="portrait|landscape" />
40-->src\main\AndroidManifest.xml:13:44-78
41        <meta-data
41-->src\main\AndroidManifest.xml:14:5-84
42            android:name="unity.auto-report-fully-drawn"
42-->src\main\AndroidManifest.xml:14:16-60
43            android:value="true" />
43-->src\main\AndroidManifest.xml:14:61-81
44
45        <activity
45-->src\main\AndroidManifest.xml:15:5-22:16
46            android:name="com.unity3d.player.UnityPlayerActivity"
46-->src\main\AndroidManifest.xml:15:15-68
47            android:configChanges="mcc|mnc|locale|touchscreen|keyboard|keyboardHidden|navigation|orientation|screenLayout|uiMode|screenSize|smallestScreenSize|fontScale|layoutDirection|density"
47-->src\main\AndroidManifest.xml:15:185-366
48            android:exported="true"
48-->src\main\AndroidManifest.xml:15:438-461
49            android:hardwareAccelerated="false"
49-->src\main\AndroidManifest.xml:15:402-437
50            android:launchMode="singleTask"
50-->src\main\AndroidManifest.xml:15:153-184
51            android:resizeableActivity="false"
51-->src\main\AndroidManifest.xml:15:367-401
52            android:screenOrientation="userLandscape"
52-->src\main\AndroidManifest.xml:15:111-152
53            android:theme="@style/UnityThemeSelector" >
53-->src\main\AndroidManifest.xml:15:69-110
54            <intent-filter>
54-->src\main\AndroidManifest.xml:16:7-19:23
55                <category android:name="android.intent.category.LAUNCHER" />
55-->src\main\AndroidManifest.xml:17:9-69
55-->src\main\AndroidManifest.xml:17:19-66
56
57                <action android:name="android.intent.action.MAIN" />
57-->src\main\AndroidManifest.xml:18:9-61
57-->src\main\AndroidManifest.xml:18:17-58
58            </intent-filter>
59
60            <meta-data
60-->src\main\AndroidManifest.xml:20:7-82
61                android:name="unityplayer.UnityActivity"
61-->src\main\AndroidManifest.xml:20:18-58
62                android:value="true" />
62-->src\main\AndroidManifest.xml:20:59-79
63            <meta-data
63-->src\main\AndroidManifest.xml:21:7-70
64                android:name="notch_support"
64-->src\main\AndroidManifest.xml:21:18-46
65                android:value="true" />
65-->src\main\AndroidManifest.xml:21:47-67
66        </activity>
67    </application>
68
69</manifest>